c:\users\effi\documents\project2020\imgorganizer\x64\release\vc142.pdb
c:\users\effi\documents\project2020\imgorganizer\x64\release\surfmatcher.obj
c:\users\effi\documents\project2020\imgorganizer\x64\release\similarimgfinder.obj
c:\users\effi\documents\project2020\imgorganizer\x64\release\orbmatcher.obj
c:\users\effi\documents\project2020\imgorganizer\x64\release\imgsearch.obj
c:\users\effi\documents\project2020\imgorganizer\x64\release\imgmatchfinderbase.obj
c:\users\effi\documents\project2020\imgorganizer\x64\release\imgfilescanner.obj
c:\users\effi\documents\project2020\imgorganizer\x64\release\bitexactimgfinder.obj
c:\users\effi\documents\project2020\imgorganizer\x64\release\_main.obj
c:\users\effi\documents\project2020\imgorganizer\x64\release\parser.obj
c:\users\effi\documents\project2020\imgorganizer\x64\release\facedetector.obj
c:\users\effi\documents\project2020\imgorganizer\x64\release\facescropped.obj
c:\users\effi\documents\project2020\imgorganizer\x64\release\imgorganizer.ipdb
c:\users\effi\documents\project2020\imgorganizer\x64\release\imgorganizer.iobj
c:\users\effi\documents\project2020\imgorganizer\x64\release\imgorganizer.exe
c:\users\effi\documents\project2020\imgorganizer\x64\release\imgorganizer.pdb
c:\users\effi\documents\project2020\imgorganizer\x64\release\imgorganizer.res
c:\users\effi\documents\project2020\imgorganizer\x64\release\debug.obj
c:\users\effi\documents\project2020\imgorganizer\x64\release\imgorganizer.tlog\cl.command.1.tlog
c:\users\effi\documents\project2020\imgorganizer\x64\release\imgorganizer.tlog\cl.read.1.tlog
c:\users\effi\documents\project2020\imgorganizer\x64\release\imgorganizer.tlog\cl.write.1.tlog
c:\users\effi\documents\project2020\imgorganizer\x64\release\imgorganizer.tlog\imgorganizer.write.1u.tlog
c:\users\effi\documents\project2020\imgorganizer\x64\release\imgorganizer.tlog\link.command.1.tlog
c:\users\effi\documents\project2020\imgorganizer\x64\release\imgorganizer.tlog\link.delete.1.tlog
c:\users\effi\documents\project2020\imgorganizer\x64\release\imgorganizer.tlog\link.read.1.tlog
c:\users\effi\documents\project2020\imgorganizer\x64\release\imgorganizer.tlog\link.write.1.tlog
c:\users\effi\documents\project2020\imgorganizer\x64\release\imgorganizer.tlog\rc.command.1.tlog
c:\users\effi\documents\project2020\imgorganizer\x64\release\imgorganizer.tlog\rc.read.1.tlog
c:\users\effi\documents\project2020\imgorganizer\x64\release\imgorganizer.tlog\rc.write.1.tlog
